d:\source\xyz-cpp-course-template-latest\apllesgame\x64\debug\vc143.pdb
d:\source\xyz-cpp-course-template-latest\apllesgame\x64\debug\vc143.idb
d:\source\xyz-cpp-course-template-latest\apllesgame\x64\debug\player.obj
d:\source\xyz-cpp-course-template-latest\apllesgame\x64\debug\math.obj
d:\source\xyz-cpp-course-template-latest\apllesgame\x64\debug\gamemain.obj
d:\source\xyz-cpp-course-template-latest\apllesgame\x64\debug\gamestategameover.obj
d:\source\xyz-cpp-course-template-latest\apllesgame\x64\debug\gamestatepause.obj
d:\source\xyz-cpp-course-template-latest\apllesgame\x64\debug\apples.obj
d:\source\xyz-cpp-course-template-latest\apllesgame\x64\debug\gamestateplaying.obj
d:\source\xyz-cpp-course-template-latest\apllesgame\x64\debug\game.obj
d:\source\xyz-cpp-course-template-latest\apllesgame\x64\debug\menu.obj
d:\source\xyz-cpp-course-template-latest\apllesgame\x64\debug\gamestatemainmenu.obj
d:\source\xyz-cpp-course-template-latest\apllesgame\x64\debug\pause.obj
d:\source\xyz-cpp-course-template-latest\apllesgame\x64\debug\gamestaterecordstable.obj
d:\source\xyz-cpp-course-template-latest\apllesgame\x64\debug\apllesgame.exe
d:\source\xyz-cpp-course-template-latest\apllesgame\x64\debug\apllesgame.ilk
d:\source\xyz-cpp-course-template-latest\apllesgame\x64\debug\apllesgame.pdb
d:\source\xyz-cpp-course-template-latest\apllesgame\x64\debug\recordstable.obj
d:\source\xyz-cpp-course-template-latest\apllesgame\\x64\debug\apllesgame.pdb
d:\source\xyz-cpp-course-template-latest\apllesgame\\x64\debug\apllesgame.ilk
d:\source\xyz-cpp-course-template-latest\apllesgame\\x64\debug\apllesgame.vcxproj.filelistabsolute.txt
d:\source\xyz-cpp-course-template-latest\apllesgame\x64\debug\apllesgame.tlog\cl.command.1.tlog
d:\source\xyz-cpp-course-template-latest\apllesgame\x64\debug\apllesgame.tlog\cl.items.tlog
d:\source\xyz-cpp-course-template-latest\apllesgame\x64\debug\apllesgame.tlog\cl.read.1.tlog
d:\source\xyz-cpp-course-template-latest\apllesgame\x64\debug\apllesgame.tlog\cl.write.1.tlog
d:\source\xyz-cpp-course-template-latest\apllesgame\x64\debug\apllesgame.tlog\link.command.1.tlog
d:\source\xyz-cpp-course-template-latest\apllesgame\x64\debug\apllesgame.tlog\link.read.1.tlog
d:\source\xyz-cpp-course-template-latest\apllesgame\x64\debug\apllesgame.tlog\link.write.1.tlog
